{"row":-1,"col":-1,"lastTime":0,"actionType":"enable","value":0}
{"row":-1,"col":-1,"lastTime":0,"actionType":"disableSync","value":0}
{"row":-1,"col":-1,"lastTime":0,"actionType":"SetSpeed","value":0}
{"row":-1,"col":-1,"lastTime":0,"actionType":"wait","value":2000}
{"row":-1,"col":-1,"lastTime":0,"actionType":"sync","value":0}
{"row":-1,"col":-1,"lastTime":0,"actionType":"disableSync","value":0}

{"row":2,"col":-1,"lastTime":0,"actionType":"setSpeed","value":2000}
{"row":2,"col":-1,"lastTime":0,"actionType":"wait","value":2000}
{"row":3,"col":-1,"lastTime":0,"actionType":"setSpeed","value":2000}
{"row":3,"col":-1,"lastTime":0,"actionType":"wait","value":2000}
{"row":4,"col":-1,"lastTime":0,"actionType":"setSpeed","value":2000}
{"row":4,"col":-1,"lastTime":0,"actionType":"wait","value":2000}
{"row":5,"col":-1,"lastTime":0,"actionType":"setSpeed","value":2000}
{"row":5,"col":-1,"lastTime":0,"actionType":"wait","value":2000}
{"row":6,"col":-1,"lastTime":0,"actionType":"setSpeed","value":2000}
{"row":6,"col":-1,"lastTime":0,"actionType":"wait","value":2000}
{"row":7,"col":-1,"lastTime":0,"actionType":"setSpeed","value":2000}
{"row":7,"col":-1,"lastTime":0,"actionType":"wait","value":2000}
{"row":8,"col":-1,"lastTime":0,"actionType":"setSpeed","value":2000}
{"row":8,"col":-1,"lastTime":0,"actionType":"wait","value":2000}
{"row":9,"col":-1,"lastTime":0,"actionType":"setSpeed","value":2000}
{"row":9,"col":-1,"lastTime":0,"actionType":"wait","value":2000}
{"row":10,"col":-1,"lastTime":0,"actionType":"setSpeed","value":2000}
{"row":10,"col":-1,"lastTime":0,"actionType":"wait","value":2000}
{"row":11,"col":-1,"lastTime":0,"actionType":"setSpeed","value":2000}
{"row":11,"col":-1,"lastTime":0,"actionType":"wait","value":2000}
{"row":-1,"col":-1,"lastTime":0,"actionType":"setSpeed","value":2000}
{"row":-1,"col":-1,"lastTime":0,"actionType":"wait","value":2000}

{"row":-1,"col":-1,"lastTime":0,"actionType":"random","value":0}
{"row":-1,"col":-1,"lastTime":0,"actionType":"wait","value":5000}
{"row":-1,"col":-1,"lastTime":0,"actionType":"random","value":0}
{"row":-1,"col":-1,"lastTime":0,"actionType":"wait","value":5000}
{"row":-1,"col":-1,"lastTime":0,"actionType":"random","value":0}
{"row":-1,"col":-1,"lastTime":0,"actionType":"wait","value":5000}
{"row":-1,"col":-1,"lastTime":0,"actionType":"random","value":0}
{"row":-1,"col":-1,"lastTime":0,"actionType":"wait","value":5000}
{"row":-1,"col":-1,"lastTime":0,"actionType":"random","value":0}
{"row":-1,"col":-1,"lastTime":0,"actionType":"wait","value":5000}
{"row":-1,"col":-1,"lastTime":0,"actionType":"random","value":0}
{"row":-1,"col":-1,"lastTime":0,"actionType":"wait","value":5000}
{"row":-1,"col":-1,"lastTime":0,"actionType":"random","value":0}
{"row":-1,"col":-1,"lastTime":0,"actionType":"wait","value":5000}
{"row":-1,"col":-1,"lastTime":0,"actionType":"random","value":0}
{"row":-1,"col":-1,"lastTime":0,"actionType":"wait","value":5000}
{"row":-1,"col":-1,"lastTime":0,"actionType":"random","value":0}
{"row":-1,"col":-1,"lastTime":0,"actionType":"wait","value":5000}
{"row":-1,"col":-1,"lastTime":0,"actionType":"random","value":0}
{"row":-1,"col":-1,"lastTime":0,"actionType":"wait","value":5000}
{"row":-1,"col":-1,"lastTime":0,"actionType":"random","value":0}
{"row":-1,"col":-1,"lastTime":0,"actionType":"wait","value":5000}
{"row":-1,"col":-1,"lastTime":0,"actionType":"random","value":0}
{"row":-1,"col":-1,"lastTime":0,"actionType":"wait","value":5000}
{"row":-1,"col":-1,"lastTime":0,"actionType":"random","value":0}
{"row":-1,"col":-1,"lastTime":0,"actionType":"wait","value":5000}
{"row":-1,"col":-1,"lastTime":0,"actionType":"random","value":0}
{"row":-1,"col":-1,"lastTime":0,"actionType":"wait","value":5000}
{"row":-1,"col":-1,"lastTime":0,"actionType":"random","value":0}
{"row":-1,"col":-1,"lastTime":0,"actionType":"wait","value":5000}
{"row":-1,"col":-1,"lastTime":0,"actionType":"random","value":0}
{"row":-1,"col":-1,"lastTime":0,"actionType":"wait","value":5000}
{"row":-1,"col":-1,"lastTime":0,"actionType":"random","value":0}
{"row":-1,"col":-1,"lastTime":0,"actionType":"wait","value":5000}
{"row":-1,"col":-1,"lastTime":0,"actionType":"random","value":0}
{"row":-1,"col":-1,"lastTime":0,"actionType":"wait","value":5000}
{"row":2,"col":-1,"lastTime":0,"actionType":"setSpeed","value":0}
{"row":-1,"col":-1,"lastTime":0,"actionType":"wait","value":2000}

{"row":2,"col":-1,"lastTime":0,"actionType":"setSpeed","value":2000}
{"row":-1,"col":-1,"lastTime":0,"actionType":"wait","value":3000}
{"row":3,"col":-1,"lastTime":0,"actionType":"setSpeed","value":3000}
{"row":-1,"col":-1,"lastTime":0,"actionType":"wait","value":3000}
{"row":4,"col":-1,"lastTime":0,"actionType":"setSpeed","value":3000}
{"row":-1,"col":-1,"lastTime":0,"actionType":"wait","value":3000}
{"row":5,"col":-1,"lastTime":0,"actionType":"setSpeed","value":3000}
{"row":-1,"col":-1,"lastTime":0,"actionType":"wait","value":3000}
{"row":6,"col":-1,"lastTime":0,"actionType":"setSpeed","value":3000}
{"row":-1,"col":-1,"lastTime":0,"actionType":"wait","value":3000}
{"row":7,"col":-1,"lastTime":0,"actionType":"setSpeed","value":3000}
{"row":-1,"col":-1,"lastTime":0,"actionType":"wait","value":3000}
{"row":8,"col":-1,"lastTime":0,"actionType":"setSpeed","value":3000}
{"row":-1,"col":-1,"lastTime":0,"actionType":"wait","value":3000}
{"row":9,"col":-1,"lastTime":0,"actionType":"setSpeed","value":3000}
{"row":-1,"col":-1,"lastTime":0,"actionType":"wait","value":3000}
{"row":11,"col":-1,"lastTime":0,"actionType":"setSpeed","value":-3000}
{"row":6,"col":-1,"lastTime":0,"actionType":"sync","value":0}
{"row":-1,"col":-1,"lastTime":0,"actionType":"disableSync","value":0}
{"row":6,"col":-1,"lastTime":0,"actionType":"setSpeed","value":2000}
{"row":-1,"col":-1,"lastTime":0,"actionType":"wait","value":5000}
{"row":-1,"col":-1,"lastTime":0,"actionType":"setSpeed","value":2000}
{"row":-1,"col":-1,"lastTime":0,"actionType":"wait","value":5000}
{"row":-1,"col":-1,"lastTime":0,"actionType":"setSpeed","value":0}
{"row":2,"col":-1,"lastTime":0,"actionType":"setSpeed","value":2000}
{"row":2,"col":-1,"lastTime":0,"actionType":"sync","value":0}
{"row":2,"col":-1,"lastTime":0,"actionType":"disableSync","value":0}
{"row":3,"col":-1,"lastTime":0,"actionType":"setSpeed","value":2000}
{"row":3,"col":-1,"lastTime":0,"actionType":"sync","value":0}
{"row":3,"col":-1,"lastTime":0,"actionType":"disableSync","value":0}
{"row":4,"col":-1,"lastTime":0,"actionType":"setSpeed","value":2000}
{"row":2,"col":-1,"lastTime":0,"actionType":"setSpeed","value":-2000}
{"row":4,"col":-1,"lastTime":0,"actionType":"sync","value":0}
{"row":4,"col":-1,"lastTime":0,"actionType":"disableSync","value":0}
{"row":5,"col":-1,"lastTime":0,"actionType":"setSpeed","value":2000}
{"row":3,"col":-1,"lastTime":0,"actionType":"setSpeed","value":-2000}
{"row":5,"col":-1,"lastTime":0,"actionType":"sync","value":0}
{"row":5,"col":-1,"lastTime":0,"actionType":"disableSync","value":0}
{"row":6,"col":-1,"lastTime":0,"actionType":"setSpeed","value":2000}
{"row":4,"col":-1,"lastTime":0,"actionType":"setSpeed","value":-2000}
{"row":6,"col":-1,"lastTime":0,"actionType":"sync","value":0}
{"row":6,"col":-1,"lastTime":0,"actionType":"disableSync","value":0}
{"row":7,"col":-1,"lastTime":0,"actionType":"setSpeed","value":2000}
{"row":5,"col":-1,"lastTime":0,"actionType":"setSpeed","value":-2000}
{"row":7,"col":-1,"lastTime":0,"actionType":"sync","value":0}
{"row":7,"col":-1,"lastTime":0,"actionType":"disableSync","value":0}
{"row":8,"col":-1,"lastTime":0,"actionType":"setSpeed","value":2000}
{"row":6,"col":-1,"lastTime":0,"actionType":"setSpeed","value":-2000}
{"row":8,"col":-1,"lastTime":0,"actionType":"sync","value":0}
{"row":8,"col":-1,"lastTime":0,"actionType":"disableSync","value":0}
{"row":9,"col":-1,"lastTime":0,"actionType":"setSpeed","value":2000}
{"row":7,"col":-1,"lastTime":0,"actionType":"setSpeed","value":-2000}
{"row":9,"col":-1,"lastTime":0,"actionType":"sync","value":0}
{"row":9,"col":-1,"lastTime":0,"actionType":"disableSync","value":0}
{"row":10,"col":-1,"lastTime":0,"actionType":"setSpeed","value":2000}
{"row":8,"col":-1,"lastTime":0,"actionType":"setSpeed","value":-2000}
{"row":10,"col":-1,"lastTime":0,"actionType":"sync","value":0}
{"row":10,"col":-1,"lastTime":0,"actionType":"disableSync","value":0}
{"row":11,"col":-1,"lastTime":0,"actionType":"setSpeed","value":2000}
{"row":9,"col":-1,"lastTime":0,"actionType":"setSpeed","value":-2000}
{"row":11,"col":-1,"lastTime":0,"actionType":"sync","value":0}
{"row":-1,"col":-1,"lastTime":0,"actionType":"disableSync","value":0}
{"row":-1,"col":-1,"lastTime":0,"actionType":"setSpeed","value":-2000}
{"row":-1,"col":-1,"lastTime":0,"actionType":"wait","value":5000}
{"row":11,"col":-1,"lastTime":0,"actionType":"sync","value":0}
{"row":11,"col":-1,"lastTime":0,"actionType":"disableSync","value":0}
{"row":10,"col":-1,"lastTime":0,"actionType":"sync","value":0}
{"row":10,"col":-1,"lastTime":0,"actionType":"disableSync","value":0}
{"row":9,"col":-1,"lastTime":0,"actionType":"sync","value":0}
{"row":9,"col":-1,"lastTime":0,"actionType":"disableSync","value":0}
{"row":11,"col":-1,"lastTime":0,"actionType":"setSpeed","value":2000}
{"row":8,"col":-1,"lastTime":0,"actionType":"sync","value":0}
{"row":8,"col":-1,"lastTime":0,"actionType":"disableSync","value":0}
{"row":10,"col":-1,"lastTime":0,"actionType":"setSpeed","value":2000}
{"row":7,"col":-1,"lastTime":0,"actionType":"sync","value":0}
{"row":7,"col":-1,"lastTime":0,"actionType":"disableSync","value":0}
{"row":9,"col":-1,"lastTime":0,"actionType":"setSpeed","value":2000}
{"row":6,"col":-1,"lastTime":0,"actionType":"sync","value":0}
{"row":6,"col":-1,"lastTime":0,"actionType":"disableSync","value":0}
{"row":8,"col":-1,"lastTime":0,"actionType":"setSpeed","value":2000}
{"row":5,"col":-1,"lastTime":0,"actionType":"sync","value":0}
{"row":5,"col":-1,"lastTime":0,"actionType":"disableSync","value":0}
{"row":7,"col":-1,"lastTime":0,"actionType":"setSpeed","value":2000}
{"row":4,"col":-1,"lastTime":0,"actionType":"sync","value":0}
{"row":4,"col":-1,"lastTime":0,"actionType":"disableSync","value":0}
{"row":6,"col":-1,"lastTime":0,"actionType":"setSpeed","value":2000}
{"row":3,"col":-1,"lastTime":0,"actionType":"sync","value":0}
{"row":3,"col":-1,"lastTime":0,"actionType":"disableSync","value":0}
{"row":5,"col":-1,"lastTime":0,"actionType":"setSpeed","value":2000}
{"row":2,"col":-1,"lastTime":0,"actionType":"sync","value":0}
{"row":2,"col":-1,"lastTime":0,"actionType":"disableSync","value":0}
{"row":4,"col":-1,"lastTime":0,"actionType":"setSpeed","value":2000}
{"row":-1,"col":-1,"lastTime":0,"actionType":"setSpeed","value":0}
{"row":-1,"col":-1,"lastTime":0,"actionType":"wait","value":2000}

{"row":2,"col":-1,"lastTime":0,"actionType":"setSpeed","value":1000}
{"row":2,"col":-1,"lastTime":0,"actionType":"wait","value":3000}
{"row":3,"col":-1,"lastTime":0,"actionType":"setSpeed","value":2000}
{"row":2,"col":-1,"lastTime":0,"actionType":"setSpeed","value":0}
{"row":3,"col":-1,"lastTime":0,"actionType":"setSpeed","value":1000}
{"row":3,"col":-1,"lastTime":0,"actionType":"wait","value":2000}
{"row":4,"col":-1,"lastTime":0,"actionType":"setSpeed","value":1000}
{"row":3,"col":-1,"lastTime":0,"actionType":"setSpeed","value":0}
{"row":4,"col":-1,"lastTime":0,"actionType":"wait","value":2000}
{"row":5,"col":-1,"lastTime":0,"actionType":"setSpeed","value":1000}
{"row":4,"col":-1,"lastTime":0,"actionType":"setSpeed","value":0}
{"row":5,"col":-1,"lastTime":0,"actionType":"wait","value":2000}
{"row":6,"col":-1,"lastTime":0,"actionType":"setSpeed","value":1000}
{"row":5,"col":-1,"lastTime":0,"actionType":"setSpeed","value":0}
{"row":6,"col":-1,"lastTime":0,"actionType":"wait","value":2000}
{"row":7,"col":-1,"lastTime":0,"actionType":"setSpeed","value":1000}
{"row":6,"col":-1,"lastTime":0,"actionType":"setSpeed","value":0}
{"row":7,"col":-1,"lastTime":0,"actionType":"wait","value":2000}
{"row":8,"col":-1,"lastTime":0,"actionType":"setSpeed","value":1000}
{"row":7,"col":-1,"lastTime":0,"actionType":"setSpeed","value":0}
{"row":8,"col":-1,"lastTime":0,"actionType":"wait","value":2000}
{"row":9,"col":-1,"lastTime":0,"actionType":"setSpeed","value":1000}
{"row":8,"col":-1,"lastTime":0,"actionType":"setSpeed","value":0}
{"row":9,"col":-1,"lastTime":0,"actionType":"wait","value":2000}
{"row":10,"col":-1,"lastTime":0,"actionType":"setSpeed","value":1000}
{"row":9,"col":-1,"lastTime":0,"actionType":"setSpeed","value":0}
{"row":10,"col":-1,"lastTime":0,"actionType":"wait","value":2000}
{"row":11,"col":-1,"lastTime":0,"actionType":"setSpeed","value":1000}
{"row":10,"col":-1,"lastTime":0,"actionType":"setSpeed","value":0}
{"row":11,"col":-1,"lastTime":0,"actionType":"wait","value":4000}

{"row":10,"col":-1,"lastTime":0,"actionType":"setSpeed","value":1000}
{"row":10,"col":-1,"lastTime":0,"actionType":"wait","value":2000}
{"row":9,"col":-1,"lastTime":0,"actionType":"setSpeed","value":1000}
{"row":10,"col":-1,"lastTime":0,"actionType":"setSpeed","value":0}
{"row":9,"col":-1,"lastTime":0,"actionType":"setSpeed","value":1000}
{"row":9,"col":-1,"lastTime":0,"actionType":"wait","value":2000}
{"row":8,"col":-1,"lastTime":0,"actionType":"setSpeed","value":1000}
{"row":9,"col":-1,"lastTime":0,"actionType":"setSpeed","value":0}
{"row":8,"col":-1,"lastTime":0,"actionType":"setSpeed","value":1000}
{"row":8,"col":-1,"lastTime":0,"actionType":"wait","value":2000}
{"row":7,"col":-1,"lastTime":0,"actionType":"setSpeed","value":1000}
{"row":8,"col":-1,"lastTime":0,"actionType":"setSpeed","value":0}
{"row":7,"col":-1,"lastTime":0,"actionType":"setSpeed","value":1000}
{"row":7,"col":-1,"lastTime":0,"actionType":"wait","value":2000}
{"row":6,"col":-1,"lastTime":0,"actionType":"setSpeed","value":1000}
{"row":7,"col":-1,"lastTime":0,"actionType":"setSpeed","value":0}
{"row":6,"col":-1,"lastTime":0,"actionType":"setSpeed","value":1000}
{"row":6,"col":-1,"lastTime":0,"actionType":"wait","value":2000}
{"row":5,"col":-1,"lastTime":0,"actionType":"setSpeed","value":1000}
{"row":6,"col":-1,"lastTime":0,"actionType":"setSpeed","value":0}
{"row":5,"col":-1,"lastTime":0,"actionType":"setSpeed","value":1000}
{"row":5,"col":-1,"lastTime":0,"actionType":"wait","value":2000}
{"row":4,"col":-1,"lastTime":0,"actionType":"setSpeed","value":1000}
{"row":5,"col":-1,"lastTime":0,"actionType":"setSpeed","value":0}
{"row":4,"col":-1,"lastTime":0,"actionType":"setSpeed","value":1000}
{"row":4,"col":-1,"lastTime":0,"actionType":"wait","value":2000}
{"row":3,"col":-1,"lastTime":0,"actionType":"setSpeed","value":1000}
{"row":4,"col":-1,"lastTime":0,"actionType":"setSpeed","value":0}
{"row":3,"col":-1,"lastTime":0,"actionType":"setSpeed","value":1000}
{"row":3,"col":-1,"lastTime":0,"actionType":"wait","value":2000}
{"row":2,"col":-1,"lastTime":0,"actionType":"setSpeed","value":1000}
{"row":3,"col":-1,"lastTime":0,"actionType":"setSpeed","value":0}
{"row":2,"col":-1,"lastTime":0,"actionType":"setSpeed","value":1000}
{"row":2,"col":-1,"lastTime":0,"actionType":"wait","value":2000}
{"row":2,"col":-1,"lastTime":0,"actionType":"setSpeed","value":0}

{"row":-1,"col":-1,"lastTime":0,"actionType":"setSpeed","value":0}
{"row":-1,"col":-1,"lastTime":0,"actionType":"wait","value":2000}

{"row":2,"col":-1,"lastTime":0,"actionType":"randomSlow","value":0}
{"row":-1,"col":-1,"lastTime":0,"actionType":"wait","value":5000}
{"row":2,"col":-1,"lastTime":0,"actionType":"setSpeed","value":0}
{"row":3,"col":-1,"lastTime":0,"actionType":"randomSlow","value":0}
{"row":-1,"col":-1,"lastTime":0,"actionType":"wait","value":5000}
{"row":3,"col":-1,"lastTime":0,"actionType":"setSpeed","value":0}
{"row":4,"col":-1,"lastTime":0,"actionType":"randomSlow","value":0}
{"row":-1,"col":-1,"lastTime":0,"actionType":"wait","value":5000}
{"row":4,"col":-1,"lastTime":0,"actionType":"setSpeed","value":0}
{"row":5,"col":-1,"lastTime":0,"actionType":"randomSlow","value":0}
{"row":-1,"col":-1,"lastTime":0,"actionType":"wait","value":5000}
{"row":5,"col":-1,"lastTime":0,"actionType":"setSpeed","value":0}
{"row":6,"col":-1,"lastTime":0,"actionType":"randomSlow","value":0}
{"row":-1,"col":-1,"lastTime":0,"actionType":"wait","value":5000}
{"row":6,"col":-1,"lastTime":0,"actionType":"setSpeed","value":0}
{"row":7,"col":-1,"lastTime":0,"actionType":"randomSlow","value":0}
{"row":-1,"col":-1,"lastTime":0,"actionType":"wait","value":5000}
{"row":7,"col":-1,"lastTime":0,"actionType":"setSpeed","value":0}
{"row":8,"col":-1,"lastTime":0,"actionType":"randomSlow","value":0}
{"row":-1,"col":-1,"lastTime":0,"actionType":"wait","value":5000}
{"row":8,"col":-1,"lastTime":0,"actionType":"setSpeed","value":0}
{"row":9,"col":-1,"lastTime":0,"actionType":"randomSlow","value":0}
{"row":-1,"col":-1,"lastTime":0,"actionType":"wait","value":5000}
{"row":9,"col":-1,"lastTime":0,"actionType":"setSpeed","value":0}
{"row":10,"col":-1,"lastTime":0,"actionType":"randomSlow","value":0}
{"row":-1,"col":-1,"lastTime":0,"actionType":"wait","value":5000}
{"row":10,"col":-1,"lastTime":0,"actionType":"setSpeed","value":0}
{"row":11,"col":-1,"lastTime":0,"actionType":"randomSlow","value":0}
{"row":-1,"col":-1,"lastTime":0,"actionType":"wait","value":5000}
{"row":11,"col":-1,"lastTime":0,"actionType":"setSpeed","value":0}
{"row":-1,"col":-1,"lastTime":0,"actionType":"wait","value":2000}

{"row":-1,"col":-1,"lastTime":0,"actionType":"randomSelect","value":20}
{"row":-1,"col":-1,"lastTime":0,"actionType":"wait","value":5000}
{"row":-1,"col":-1,"lastTime":0,"actionType":"setSpeed","value":0}
{"row":-1,"col":-1,"lastTime":0,"actionType":"randomSelect","value":20}
{"row":-1,"col":-1,"lastTime":0,"actionType":"wait","value":5000}
{"row":-1,"col":-1,"lastTime":0,"actionType":"setSpeed","value":0}
{"row":-1,"col":-1,"lastTime":0,"actionType":"randomSelect","value":20}
{"row":-1,"col":-1,"lastTime":0,"actionType":"wait","value":5000}
{"row":-1,"col":-1,"lastTime":0,"actionType":"setSpeed","value":0}
{"row":-1,"col":-1,"lastTime":0,"actionType":"randomSelect","value":20}
{"row":-1,"col":-1,"lastTime":0,"actionType":"wait","value":5000}
{"row":-1,"col":-1,"lastTime":0,"actionType":"randomSelect","value":20}
{"row":-1,"col":-1,"lastTime":0,"actionType":"wait","value":5000}
{"row":-1,"col":-1,"lastTime":0,"actionType":"setSpeed","value":0}
{"row":-1,"col":-1,"lastTime":0,"actionType":"randomSelect","value":20}
{"row":-1,"col":-1,"lastTime":0,"actionType":"wait","value":5000}
{"row":-1,"col":-1,"lastTime":0,"actionType":"setSpeed","value":0}
{"row":-1,"col":-1,"lastTime":0,"actionType":"randomSelect","value":20}
{"row":-1,"col":-1,"lastTime":0,"actionType":"wait","value":5000}
{"row":-1,"col":-1,"lastTime":0,"actionType":"setSpeed","value":0}
{"row":-1,"col":-1,"lastTime":0,"actionType":"randomSelect","value":20}
{"row":-1,"col":-1,"lastTime":0,"actionType":"wait","value":5000}
{"row":-1,"col":-1,"lastTime":0,"actionType":"randomSelect","value":20}
{"row":-1,"col":-1,"lastTime":0,"actionType":"wait","value":5000}
{"row":-1,"col":-1,"lastTime":0,"actionType":"setSpeed","value":0}
{"row":-1,"col":-1,"lastTime":0,"actionType":"randomSelect","value":20}
{"row":-1,"col":-1,"lastTime":0,"actionType":"wait","value":5000}
{"row":-1,"col":-1,"lastTime":0,"actionType":"setSpeed","value":0}
{"row":-1,"col":-1,"lastTime":0,"actionType":"randomSelect","value":20}
{"row":-1,"col":-1,"lastTime":0,"actionType":"wait","value":5000}
{"row":-1,"col":-1,"lastTime":0,"actionType":"randomSelect","value":20}
{"row":-1,"col":-1,"lastTime":0,"actionType":"wait","value":5000}
{"row":-1,"col":-1,"lastTime":0,"actionType":"setSpeed","value":0}
{"row":-1,"col":-1,"lastTime":0,"actionType":"randomSelect","value":20}
{"row":-1,"col":-1,"lastTime":0,"actionType":"wait","value":5000}
{"row":-1,"col":-1,"lastTime":0,"actionType":"setSpeed","value":0}
{"row":-1,"col":-1,"lastTime":0,"actionType":"randomSelect","value":20}
{"row":-1,"col":-1,"lastTime":0,"actionType":"wait","value":5000}
{"row":-1,"col":-1,"lastTime":0,"actionType":"setSpeed","value":0}
{"row":-1,"col":-1,"lastTime":0,"actionType":"randomSelect","value":20}
{"row":-1,"col":-1,"lastTime":0,"actionType":"wait","value":5000}
{"row":-1,"col":-1,"lastTime":0,"actionType":"randomSelect","value":20}
{"row":-1,"col":-1,"lastTime":0,"actionType":"wait","value":5000}
{"row":-1,"col":-1,"lastTime":0,"actionType":"setSpeed","value":0}
{"row":-1,"col":-1,"lastTime":0,"actionType":"randomSelect","value":20}
{"row":-1,"col":-1,"lastTime":0,"actionType":"wait","value":5000}
{"row":-1,"col":-1,"lastTime":0,"actionType":"setSpeed","value":0}
{"row":-1,"col":-1,"lastTime":0,"actionType":"randomSelect","value":20}
{"row":-1,"col":-1,"lastTime":0,"actionType":"wait","value":5000}
{"row":-1,"col":-1,"lastTime":0,"actionType":"setSpeed","value":0}
{"row":-1,"col":-1,"lastTime":0,"actionType":"randomSelect","value":20}
{"row":-1,"col":-1,"lastTime":0,"actionType":"wait","value":5000}
{"row":-1,"col":-1,"lastTime":0,"actionType":"randomSelect","value":20}
{"row":-1,"col":-1,"lastTime":0,"actionType":"wait","value":5000}
{"row":-1,"col":-1,"lastTime":0,"actionType":"setSpeed","value":0}
{"row":-1,"col":-1,"lastTime":0,"actionType":"randomSelect","value":20}
{"row":-1,"col":-1,"lastTime":0,"actionType":"wait","value":5000}
{"row":-1,"col":-1,"lastTime":0,"actionType":"setSpeed","value":0}
{"row":-1,"col":-1,"lastTime":0,"actionType":"randomSelect","value":20}
{"row":-1,"col":-1,"lastTime":0,"actionType":"wait","value":5000}
{"row":-1,"col":-1,"lastTime":0,"actionType":"setSpeed","value":0}
{"row":-1,"col":-1,"lastTime":0,"actionType":"randomSelect","value":20}
{"row":-1,"col":-1,"lastTime":0,"actionType":"wait","value":5000}
{"row":-1,"col":-1,"lastTime":0,"actionType":"randomSelect","value":20}
{"row":-1,"col":-1,"lastTime":0,"actionType":"wait","value":5000}
{"row":-1,"col":-1,"lastTime":0,"actionType":"setSpeed","value":0}
{"row":-1,"col":-1,"lastTime":0,"actionType":"randomSelect","value":20}
{"row":-1,"col":-1,"lastTime":0,"actionType":"wait","value":5000}
{"row":-1,"col":-1,"lastTime":0,"actionType":"setSpeed","value":0}
{"row":-1,"col":-1,"lastTime":0,"actionType":"randomSelect","value":20}
{"row":-1,"col":-1,"lastTime":0,"actionType":"wait","value":5000}
{"row":-1,"col":-1,"lastTime":0,"actionType":"randomSelect","value":20}
{"row":-1,"col":-1,"lastTime":0,"actionType":"wait","value":5000}
{"row":-1,"col":-1,"lastTime":0,"actionType":"setSpeed","value":0}
{"row":-1,"col":-1,"lastTime":0,"actionType":"randomSelect","value":20}
{"row":-1,"col":-1,"lastTime":0,"actionType":"wait","value":5000}
{"row":-1,"col":-1,"lastTime":0,"actionType":"setSpeed","value":0}
{"row":-1,"col":-1,"lastTime":0,"actionType":"randomSelect","value":20}
{"row":-1,"col":-1,"lastTime":0,"actionType":"wait","value":5000}
{"row":-1,"col":-1,"lastTime":0,"actionType":"setSpeed","value":0}
{"row":-1,"col":-1,"lastTime":0,"actionType":"randomSelect","value":20}
{"row":-1,"col":-1,"lastTime":0,"actionType":"wait","value":5000}
{"row":-1,"col":-1,"lastTime":0,"actionType":"setSpeed","value":0}